Reporte de Errores de TypeScript para el proyecto: C:\Users\LAPTOP\Desktop\Work\Jello\Jello-Frontend\
Generado el: 3/10/2025, 15:42:12
================================================================================

Listado de errores encontrados:

components/modals/create-task-modal.tsx(103,13): error TS2322: Type '({ id: string; name: string; avatarUrl: string; } | undefined)[]' is not assignable to type 'UserSummary[]'.
  Type '{ id: string; name: string; avatarUrl: string; } | undefined' is not assignable to type 'UserSummary'.
    Type 'undefined' is not assignable to type 'UserSummary'.
components/modals/create-task-modal.tsx(114,27): error TS2677: A type predicate's type must be assignable to its parameter's type.
  Type 'UserSummary' is not assignable to type '{ id: string; name: string; avatarUrl: string; }'.
    Types of property 'avatarUrl' are incompatible.
      Type 'string | null' is not assignable to type 'string'.
        Type 'null' is not assignable to type 'string'.
components/modals/create-task-modal.tsx(117,13): error TS2322: Type '{ dueDate: string | undefined; projectId: string | undefined; labels: Label[]; assignees: UserSummary[]; title: string; description: string; priority: string; status: TaskStatus; subtasks: string[]; }' is not assignable to type 'Partial<TaskSummary>'.
  Types of property 'priority' are incompatible.
    Type 'string' is not assignable to type '"low" | "medium" | "high" | "critical" | undefined'.
